#
# There is insufficient memory for the Java Runtime Environment to continue.
# Native memory allocation (malloc) failed to allocate 930256 bytes. Error detail: Chunk::new
# Possible reasons:
#   The system is out of physical RAM or swap space
#   This process is running with CompressedOops enabled, and the Java Heap may be blocking the growth of the native heap
# Possible solutions:
#   Reduce memory load on the system
#   Increase physical memory or swap space
#   Check if swap backing store is full
#   Decrease Java heap size (-Xmx/-Xms)
#   Decrease number of Java threads
#   Decrease Java thread stack sizes (-Xss)
#   Set larger code cache with -XX:ReservedCodeCacheSize=
#   JVM is running with Unscaled Compressed Oops mode in which the Java heap is
#     placed in the first 4GB address space. The Java Heap base address is the
#     maximum limit for the native heap growth. Please use -XX:HeapBaseMinAddress
#     to set the Java Heap base and to place the Java Heap above 4GB virtual address.
# This output file may be truncated or incomplete.
#
#  Out of Memory Error (arena.cpp:168), pid=11204, tid=12736
#
# JRE version: OpenJDK Runtime Environment Temurin-21.0.7+6 (21.0.7+6) (build 21.0.7+6-LTS)
# Java VM: OpenJDK 64-Bit Server VM Temurin-21.0.7+6 (21.0.7+6-LTS, mixed mode, sharing, tiered, compressed oops, compressed class ptrs, parallel gc, windows-amd64)
# No core dump will be written. Minidumps are not enabled by default on client versions of Windows
#

---------------  S U M M A R Y ------------

Command Line: --add-modules=ALL-SYSTEM --add-opens=java.base/java.util=ALL-UNNAMED --add-opens=java.base/java.lang=ALL-UNNAMED --add-opens=java.base/sun.nio.fs=ALL-UNNAMED -Declipse.application=org.eclipse.jdt.ls.core.id1 -Dosgi.bundles.defaultStartLevel=4 -Declipse.product=org.eclipse.jdt.ls.core.product -Djava.import.generatesMetadataFilesAtProjectRoot=false -DDetectVMInstallationsJob.disabled=true -Dfile.encoding=utf8 -XX:+UseParallelGC -XX:GCTimeRatio=4 -XX:AdaptiveSizePolicyWeight=90 -Dsun.zip.disableMemoryMapping=true -Xmx2G -Xms100m -Xlog:disable -javaagent:c:\Users\hp\.vscode\extensions\redhat.java-1.43.1-win32-x64\lombok\lombok-1.18.39-4050.jar -XX:+HeapDumpOnOutOfMemoryError -XX:HeapDumpPath=c:\Users\hp\AppData\Roaming\Code\User\workspaceStorage\9a5df3a572d0bf4bbb6a89983de1bab9\redhat.java -Daether.dependencyCollector.impl=bf c:\Users\hp\.vscode\extensions\redhat.java-1.43.1-win32-x64\server\plugins\org.eclipse.equinox.launcher_1.7.0.v20250519-0528.jar -configuration c:\Users\hp\AppData\Roaming\Code\User\globalStorage\redhat.java\1.43.1\config_win -data c:\Users\hp\AppData\Roaming\Code\User\workspaceStorage\9a5df3a572d0bf4bbb6a89983de1bab9\redhat.java\jdt_ws --pipe=\\.\pipe\lsp-e00ce9886145875db4fc75a7c50bb578-sock

Host: AMD Ryzen 5 3550H with Radeon Vega Mobile Gfx  , 8 cores, 5G,  Windows 10 , 64 bit Build 19041 (10.0.19041.5915)
Time: Fri Jul  4 14:23:23 2025 India Standard Time elapsed time: 50.681526 seconds (0d 0h 0m 50s)

---------------  T H R E A D  ---------------

Current thread (0x00000227b51bccf0):  JavaThread "C2 CompilerThread0" daemon [_thread_in_native, id=12736, stack(0x000000aac7200000,0x000000aac7300000) (1024K)]


Current CompileTask:
C2:50682 8739 %s!   4       org.eclipse.jdt.internal.core.index.DiskIndex::readCategoryTable @ 260 (743 bytes)

Stack: [0x000000aac7200000,0x000000aac7300000]
Native frames: (J=compiled Java code, j=interpreted, Vv=VM code, C=native code)
V  [jvm.dll+0x6ce119]
V  [jvm.dll+0x8a84a1]
V  [jvm.dll+0x8aa9ce]
V  [jvm.dll+0x8ab0b3]
V  [jvm.dll+0x27f8a6]
V  [jvm.dll+0xc507d]
V  [jvm.dll+0xc55b3]
V  [jvm.dll+0x3b68f2]
V  [jvm.dll+0x1dfe33]
V  [jvm.dll+0x247c42]
V  [jvm.dll+0x2470cf]
V  [jvm.dll+0x1c760e]
V  [jvm.dll+0x25695a]
V  [jvm.dll+0x254efa]
V  [jvm.dll+0x3f03f6]
V  [jvm.dll+0x851f6b]
V  [jvm.dll+0x6cc7dd]
C  [ucrtbase.dll+0x21bb2]
C  [KERNEL32.DLL+0x17374]
C  [ntdll.dll+0x4cc91]


---------------  P R O C E S S  ---------------

Threads class SMR info:
_java_thread_list=0x0000022815a245a0, length=39, elements={
0x00000227b5242e90, 0x00000227b51b1650, 0x00000227b51b3040, 0x00000227b51b4d90,
0x00000227b51b6d50, 0x00000227b51b9460, 0x00000227b51bbec0, 0x00000227b51bccf0,
0x000002280e570040, 0x000002280e5e90d0, 0x000002280e856350, 0x0000022813570170,
0x00000228132253b0, 0x000002281371a140, 0x00000228137f4d80, 0x0000022813a587e0,
0x00000228138eff80, 0x00000228137a6b10, 0x00000228137a71a0, 0x00000228137a8550,
0x00000228137a5760, 0x00000228137a7ec0, 0x00000228137a8be0, 0x00000228137a7830,
0x00000228137a6480, 0x0000022814c194f0, 0x0000022814c18e60, 0x0000022814c16070,
0x0000022814c187d0, 0x0000022814c16700, 0x0000022814c18140, 0x0000022814c16d90,
0x0000022814c17420, 0x0000022814c17ab0, 0x000002281572b890, 0x000002281572dff0,
0x0000022815731470, 0x000002281572f3a0, 0x0000022815730750
}

Java Threads: ( => current thread )
  0x00000227b5242e90 JavaThread "main"                              [_thread_blocked, id=9376, stack(0x000000aac6800000,0x000000aac6900000) (1024K)]
  0x00000227b51b1650 JavaThread "Reference Handler"          daemon [_thread_blocked, id=13172, stack(0x000000aac6c00000,0x000000aac6d00000) (1024K)]
  0x00000227b51b3040 JavaThread "Finalizer"                  daemon [_thread_blocked, id=10808, stack(0x000000aac6d00000,0x000000aac6e00000) (1024K)]
  0x00000227b51b4d90 JavaThread "Signal Dispatcher"          daemon [_thread_blocked, id=11436, stack(0x000000aac6e00000,0x000000aac6f00000) (1024K)]
  0x00000227b51b6d50 JavaThread "Attach Listener"            daemon [_thread_blocked, id=6632, stack(0x000000aac6f00000,0x000000aac7000000) (1024K)]
  0x00000227b51b9460 JavaThread "Service Thread"             daemon [_thread_blocked, id=11468, stack(0x000000aac7000000,0x000000aac7100000) (1024K)]
  0x00000227b51bbec0 JavaThread "Monitor Deflation Thread"   daemon [_thread_blocked, id=13584, stack(0x000000aac7100000,0x000000aac7200000) (1024K)]
=>0x00000227b51bccf0 JavaThread "C2 CompilerThread0"         daemon [_thread_in_native, id=12736, stack(0x000000aac7200000,0x000000aac7300000) (1024K)]
  0x000002280e570040 JavaThread "C1 CompilerThread0"         daemon [_thread_blocked, id=2072, stack(0x000000aac7300000,0x000000aac7400000) (1024K)]
  0x000002280e5e90d0 JavaThread "Common-Cleaner"             daemon [_thread_blocked, id=15556, stack(0x000000aac7400000,0x000000aac7500000) (1024K)]
  0x000002280e856350 JavaThread "Notification Thread"        daemon [_thread_blocked, id=3388, stack(0x000000aac7500000,0x000000aac7600000) (1024K)]
  0x0000022813570170 JavaThread "Active Thread: Equinox Container: c7c2455f-fe4b-4892-b964-e6025db947e4"        [_thread_blocked, id=2548, stack(0x000000aac7d00000,0x000000aac7e00000) (1024K)]
  0x00000228132253b0 JavaThread "Refresh Thread: Equinox Container: c7c2455f-fe4b-4892-b964-e6025db947e4" daemon [_thread_blocked, id=10496, stack(0x000000aac7e00000,0x000000aac7f00000) (1024K)]
  0x000002281371a140 JavaThread "Framework Event Dispatcher: Equinox Container: c7c2455f-fe4b-4892-b964-e6025db947e4" daemon [_thread_blocked, id=10684, stack(0x000000aac7f00000,0x000000aac8000000) (1024K)]
  0x00000228137f4d80 JavaThread "Start Level: Equinox Container: c7c2455f-fe4b-4892-b964-e6025db947e4" daemon [_thread_blocked, id=3668, stack(0x000000aac8000000,0x000000aac8100000) (1024K)]
  0x0000022813a587e0 JavaThread "Bundle File Closer"         daemon [_thread_blocked, id=9872, stack(0x000000aac8200000,0x000000aac8300000) (1024K)]
  0x00000228138eff80 JavaThread "SCR Component Actor"        daemon [_thread_blocked, id=7560, stack(0x000000aac8300000,0x000000aac8400000) (1024K)]
  0x00000228137a6b10 JavaThread "Worker-JM"                         [_thread_blocked, id=10520, stack(0x000000aac8100000,0x000000aac8200000) (1024K)]
  0x00000228137a71a0 JavaThread "JNA Cleaner"                daemon [_thread_blocked, id=4892, stack(0x000000aac8500000,0x000000aac8600000) (1024K)]
  0x00000228137a8550 JavaThread "Worker-0: Java indexing... "        [_thread_blocked, id=228, stack(0x000000aac8600000,0x000000aac8700000) (1024K)]
  0x00000228137a5760 JavaThread "Worker-1"                          [_thread_blocked, id=13580, stack(0x000000aac8700000,0x000000aac8800000) (1024K)]
  0x00000228137a7ec0 JavaThread "Worker-2"                          [_thread_blocked, id=9292, stack(0x000000aac8900000,0x000000aac8a00000) (1024K)]
  0x00000228137a8be0 JavaThread "Worker-3"                          [_thread_blocked, id=13432, stack(0x000000aac8a00000,0x000000aac8b00000) (1024K)]
  0x00000228137a7830 JavaThread "Java indexing"              daemon [_thread_in_native, id=4708, stack(0x000000aac8b00000,0x000000aac8c00000) (1024K)]
  0x00000228137a6480 JavaThread "Worker-4"                          [_thread_blocked, id=13868, stack(0x000000aac8c00000,0x000000aac8d00000) (1024K)]
  0x0000022814c194f0 JavaThread "Worker-5: Initialize Workspace"        [_thread_blocked, id=7548, stack(0x000000aac8d00000,0x000000aac8e00000) (1024K)]
  0x0000022814c18e60 JavaThread "Thread-2"                   daemon [_thread_in_native, id=15652, stack(0x000000aac8e00000,0x000000aac8f00000) (1024K)]
  0x0000022814c16070 JavaThread "Thread-3"                   daemon [_thread_in_native, id=11580, stack(0x000000aac8f00000,0x000000aac9000000) (1024K)]
  0x0000022814c187d0 JavaThread "Thread-4"                   daemon [_thread_in_native, id=7628, stack(0x000000aac9000000,0x000000aac9100000) (1024K)]
  0x0000022814c16700 JavaThread "Thread-5"                   daemon [_thread_in_native, id=9688, stack(0x000000aac9100000,0x000000aac9200000) (1024K)]
  0x0000022814c18140 JavaThread "Thread-6"                   daemon [_thread_in_native, id=15460, stack(0x000000aac9200000,0x000000aac9300000) (1024K)]
  0x0000022814c16d90 JavaThread "Thread-7"                   daemon [_thread_in_native, id=10776, stack(0x000000aac9300000,0x000000aac9400000) (1024K)]
  0x0000022814c17420 JavaThread "Thread-8"                   daemon [_thread_in_native, id=9404, stack(0x000000aac9400000,0x000000aac9500000) (1024K)]
  0x0000022814c17ab0 JavaThread "Thread-9"                   daemon [_thread_in_native, id=2120, stack(0x000000aac9500000,0x000000aac9600000) (1024K)]
  0x000002281572b890 JavaThread "Thread-10"                  daemon [_thread_in_native, id=15368, stack(0x000000aac9600000,0x000000aac9700000) (1024K)]
  0x000002281572dff0 JavaThread "pool-2-thread-1"                   [_thread_blocked, id=13492, stack(0x000000aac9700000,0x000000aac9800000) (1024K)]
  0x0000022815731470 JavaThread "WorkspaceEventsHandler"            [_thread_blocked, id=13796, stack(0x000000aac9800000,0x000000aac9900000) (1024K)]
  0x000002281572f3a0 JavaThread "pool-1-thread-1"                   [_thread_blocked, id=8524, stack(0x000000aac9900000,0x000000aac9a00000) (1024K)]
  0x0000022815730750 JavaThread "pool-3-thread-1"                   [_thread_blocked, id=13500, stack(0x000000aac8400000,0x000000aac8500000) (1024K)]
Total: 39

Other Threads:
  0x00000227b53017f0 VMThread "VM Thread"                           [id=15080, stack(0x000000aac6b00000,0x000000aac6c00000) (1024K)]
  0x00000227b52aec20 WatcherThread "VM Periodic Task Thread"        [id=3860, stack(0x000000aac6a00000,0x000000aac6b00000) (1024K)]
  0x00000227b5260e30 WorkerThread "GC Thread#0"                     [id=15712, stack(0x000000aac6900000,0x000000aac6a00000) (1024K)]
  0x000002280e8d3610 WorkerThread "GC Thread#1"                     [id=16288, stack(0x000000aac7700000,0x000000aac7800000) (1024K)]
  0x00000228134bf330 WorkerThread "GC Thread#2"                     [id=15856, stack(0x000000aac7800000,0x000000aac7900000) (1024K)]
  0x000002281318c190 WorkerThread "GC Thread#3"                     [id=11784, stack(0x000000aac7900000,0x000000aac7a00000) (1024K)]
  0x000002281318c530 WorkerThread "GC Thread#4"                     [id=11740, stack(0x000000aac7a00000,0x000000aac7b00000) (1024K)]
  0x000002281318c8d0 WorkerThread "GC Thread#5"                     [id=14816, stack(0x000000aac7b00000,0x000000aac7c00000) (1024K)]
  0x00000228130e54a0 WorkerThread "GC Thread#6"                     [id=16112, stack(0x000000aac7c00000,0x000000aac7d00000) (1024K)]
  0x000002281370a0f0 WorkerThread "GC Thread#7"                     [id=7096, stack(0x000000aac7600000,0x000000aac7700000) (1024K)]
Total: 10

Threads with active compile tasks:
C2 CompilerThread0  50727 8739 %s!   4       org.eclipse.jdt.internal.core.index.DiskIndex::readCategoryTable @ 260 (743 bytes)
Total: 1

VM state: not at safepoint (normal execution)

VM Mutex/Monitor currently owned by a thread: None

Heap address: 0x0000000080000000, size: 2048 MB, Compressed Oops mode: 32-bit

CDS archive(s) mapped at: [0x00000227cc000000-0x00000227ccba0000-0x00000227ccba0000), size 12189696, SharedBaseAddress: 0x00000227cc000000, ArchiveRelocationMode: 1.
Compressed class space mapped at: 0x00000227cd000000-0x000002280d000000, reserved size: 1073741824
Narrow klass base: 0x00000227cc000000, Narrow klass shift: 0, Narrow klass range: 0x100000000

GC Precious Log:
 CardTable entry size: 512
 CPUs: 8 total, 8 available
 Memory: 6021M
 Large Page Support: Disabled
 NUMA Support: Disabled
 Compressed Oops: Enabled (32-bit)
 Alignments: Space 512K, Generation 512K, Heap 2M
 Heap Min Capacity: 100M
 Heap Initial Capacity: 100M
 Heap Max Capacity: 2G
 Pre-touch: Disabled
 Parallel Workers: 8

Heap:
 PSYoungGen      total 7680K, used 6381K [0x00000000d5580000, 0x00000000d5f00000, 0x0000000100000000)
  eden space 5632K, 78% used [0x00000000d5580000,0x00000000d59d2518,0x00000000d5b00000)
  from space 2048K, 95% used [0x00000000d5b00000,0x00000000d5ce9010,0x00000000d5d00000)
  to   space 2048K, 0% used [0x00000000d5d00000,0x00000000d5d00000,0x00000000d5f00000)
 ParOldGen       total 662016K, used 661783K [0x0000000080000000, 0x00000000a8680000, 0x00000000d5580000)
  object space 662016K, 99% used [0x0000000080000000,0x00000000a8645f70,0x00000000a8680000)
 Metaspace       used 50618K, committed 51712K, reserved 1114112K
  class space    used 5322K, committed 5760K, reserved 1048576K

Card table byte_map: [0x00000227b4bf0000,0x00000227b5000000] _byte_map_base: 0x00000227b47f0000

Marking Bits: (ParMarkBitMap*) 0x00007ff956cf31f0
 Begin Bits: [0x00000227c76f0000, 0x00000227c96f0000)
 End Bits:   [0x00000227c96f0000, 0x00000227cb6f0000)

Polling page: 0x00000227b2ff0000

Metaspace:

Usage:
  Non-class:     44.23 MB used.
      Class:      5.20 MB used.
       Both:     49.43 MB used.

Virtual space:
  Non-class space:       64.00 MB reserved,      44.88 MB ( 70%) committed,  1 nodes.
      Class space:        1.00 GB reserved,       5.62 MB ( <1%) committed,  1 nodes.
             Both:        1.06 GB reserved,      50.50 MB (  5%) committed. 

Chunk freelists:
   Non-Class:  2.58 MB
       Class:  10.26 MB
        Both:  12.84 MB

MaxMetaspaceSize: unlimited
CompressedClassSpaceSize: 1.00 GB
Initial GC threshold: 21.00 MB
Current GC threshold: 58.38 MB
CDS: on
 - commit_granule_bytes: 65536.
 - commit_granule_words: 8192.
 - virtual_space_node_default_size: 8388608.
 - enlarge_chunks_in_place: 1.
 - use_allocation_guard: 0.


Internal statistics:

num_allocs_failed_limit: 8.
num_arena_births: 886.
num_arena_deaths: 26.
num_vsnodes_births: 2.
num_vsnodes_deaths: 0.
num_space_committed: 808.
num_space_uncommitted: 0.
num_chunks_returned_to_freelist: 39.
num_chunks_taken_from_freelist: 3134.
num_chunk_merges: 12.
num_chunk_splits: 1958.
num_chunks_enlarged: 1145.
num_inconsistent_stats: 0.

CodeHeap 'non-profiled nmethods': size=120000Kb used=6629Kb max_used=6629Kb free=113370Kb
 bounds [0x00000227bff10000, 0x00000227c0590000, 0x00000227c7440000]
CodeHeap 'profiled nmethods': size=120000Kb used=17651Kb max_used=17651Kb free=102348Kb
 bounds [0x00000227b8440000, 0x00000227b9580000, 0x00000227bf970000]
CodeHeap 'non-nmethods': size=5760Kb used=1387Kb max_used=1464Kb free=4372Kb
 bounds [0x00000227bf970000, 0x00000227bfbe0000, 0x00000227bff10000]
 total_blobs=8868 nmethods=8177 adapters=597
 compilation: enabled
              stopped_count=0, restarted_count=0
 full_count=0

Compilation events (20 events):
Event: 50.411 Thread 0x00000227b51bccf0 nmethod 8738 0x00000227c0588710 code [0x00000227c05888e0, 0x00000227c0588e18]
Event: 50.427 Thread 0x00000227b51bccf0 8739 %s!   4       org.eclipse.jdt.internal.core.index.DiskIndex::readCategoryTable @ 260 (743 bytes)
Event: 50.524 Thread 0x000002280e570040 8741       3       java.util.Collections$SynchronizedCollection::iterator (10 bytes)
Event: 50.524 Thread 0x000002280e570040 nmethod 8741 0x00000227b9576810 code [0x00000227b95769c0, 0x00000227b9576b98]
Event: 50.554 Thread 0x000002280e570040 8742 %     3       org.eclipse.jdt.internal.core.index.DiskIndex::readStreamChars @ 130 (529 bytes)
Event: 50.556 Thread 0x000002280e570040 nmethod 8742% 0x00000227b9576c90 code [0x00000227b9576f40, 0x00000227b9578010]
Event: 50.556 Thread 0x000002280e570040 8743       3       org.eclipse.jdt.internal.core.index.DiskIndex::readStreamChars (529 bytes)
Event: 50.559 Thread 0x000002280e570040 nmethod 8743 0x00000227b9578710 code [0x00000227b95789a0, 0x00000227b9579860]
Event: 50.582 Thread 0x000002280e570040 8746   !   3       java.io.FileInputStream::open (26 bytes)
Event: 50.583 Thread 0x000002280e570040 nmethod 8746 0x00000227b9579e10 code [0x00000227b9579fe0, 0x00000227b957a208]
Event: 50.617 Thread 0x000002280e570040 8747   !   3       java.io.FileInputStream::close (69 bytes)
Event: 50.617 Thread 0x000002280e570040 nmethod 8747 0x00000227b957a390 code [0x00000227b957a580, 0x00000227b957aa78]
Event: 50.618 Thread 0x000002280e570040 8748       3       java.io.FileInputStream$1::close (11 bytes)
Event: 50.618 Thread 0x000002280e570040 nmethod 8748 0x00000227b957ac10 code [0x00000227b957ae00, 0x00000227b957b318]
Event: 50.662 Thread 0x000002280e570040 8749       3       java.io.FileInputStream::<init> (107 bytes)
Event: 50.663 Thread 0x000002280e570040 nmethod 8749 0x00000227b957b510 code [0x00000227b957b780, 0x00000227b957bfe8]
Event: 50.668 Thread 0x000002280e570040 8750       3       org.eclipse.jdt.internal.core.index.FileIndexLocation::getInputStream (12 bytes)
Event: 50.668 Thread 0x000002280e570040 nmethod 8750 0x00000227b957c310 code [0x00000227b957c4c0, 0x00000227b957c670]
Event: 50.669 Thread 0x000002280e570040 8751   !   3       java.io.FileInputStream::skip (27 bytes)
Event: 50.669 Thread 0x000002280e570040 nmethod 8751 0x00000227b957c710 code [0x00000227b957c8e0, 0x00000227b957cb00]

GC Heap History (20 events):
Event: 50.074 GC heap before
{Heap before GC invocations=824 (full 2):
 PSYoungGen      total 3584K, used 3456K [0x00000000d5580000, 0x00000000d5b00000, 0x0000000100000000)
  eden space 2560K, 100% used [0x00000000d5580000,0x00000000d5800000,0x00000000d5800000)
  from space 1024K, 87% used [0x00000000d5800000,0x00000000d58e0000,0x00000000d5900000)
  to   space 1536K, 0% used [0x00000000d5980000,0x00000000d5980000,0x00000000d5b00000)
 ParOldGen       total 643072K, used 642610K [0x0000000080000000, 0x00000000a7400000, 0x00000000d5580000)
  object space 643072K, 99% used [0x0000000080000000,0x00000000a738cbf0,0x00000000a7400000)
 Metaspace       used 50574K, committed 51648K, reserved 1114112K
  class space    used 5321K, committed 5760K, reserved 1048576K
}
Event: 50.077 GC heap after
{Heap after GC invocations=824 (full 2):
 PSYoungGen      total 3584K, used 928K [0x00000000d5580000, 0x00000000d5a80000, 0x0000000100000000)
  eden space 2560K, 0% used [0x00000000d5580000,0x00000000d5580000,0x00000000d5800000)
  from space 1024K, 90% used [0x00000000d5980000,0x00000000d5a68000,0x00000000d5a80000)
  to   space 1024K, 0% used [0x00000000d5800000,0x00000000d5800000,0x00000000d5900000)
 ParOldGen       total 643584K, used 643482K [0x0000000080000000, 0x00000000a7480000, 0x00000000d5580000)
  object space 643584K, 99% used [0x0000000080000000,0x00000000a7466bf0,0x00000000a7480000)
 Metaspace       used 50574K, committed 51648K, reserved 1114112K
  class space    used 5321K, committed 5760K, reserved 1048576K
}
Event: 50.096 GC heap before
{Heap before GC invocations=825 (full 2):
 PSYoungGen      total 3584K, used 3488K [0x00000000d5580000, 0x00000000d5a80000, 0x0000000100000000)
  eden space 2560K, 100% used [0x00000000d5580000,0x00000000d5800000,0x00000000d5800000)
  from space 1024K, 90% used [0x00000000d5980000,0x00000000d5a68000,0x00000000d5a80000)
  to   space 1024K, 0% used [0x00000000d5800000,0x00000000d5800000,0x00000000d5900000)
 ParOldGen       total 643584K, used 643482K [0x0000000080000000, 0x00000000a7480000, 0x00000000d5580000)
  object space 643584K, 99% used [0x0000000080000000,0x00000000a7466bf0,0x00000000a7480000)
 Metaspace       used 50579K, committed 51712K, reserved 1114112K
  class space    used 5322K, committed 5760K, reserved 1048576K
}
Event: 50.101 GC heap after
{Heap after GC invocations=825 (full 2):
 PSYoungGen      total 3584K, used 1013K [0x00000000d5580000, 0x00000000d6000000, 0x0000000100000000)
  eden space 2560K, 0% used [0x00000000d5580000,0x00000000d5580000,0x00000000d5800000)
  from space 1024K, 98% used [0x00000000d5800000,0x00000000d58fd528,0x00000000d5900000)
  to   space 4096K, 0% used [0x00000000d5c00000,0x00000000d5c00000,0x00000000d6000000)
 ParOldGen       total 646144K, used 645762K [0x0000000080000000, 0x00000000a7700000, 0x00000000d5580000)
  object space 646144K, 99% used [0x0000000080000000,0x00000000a76a0bf0,0x00000000a7700000)
 Metaspace       used 50579K, committed 51712K, reserved 1114112K
  class space    used 5322K, committed 5760K, reserved 1048576K
}
Event: 50.110 GC heap before
{Heap before GC invocations=826 (full 2):
 PSYoungGen      total 3584K, used 3573K [0x00000000d5580000, 0x00000000d6000000, 0x0000000100000000)
  eden space 2560K, 100% used [0x00000000d5580000,0x00000000d5800000,0x00000000d5800000)
  from space 1024K, 98% used [0x00000000d5800000,0x00000000d58fd528,0x00000000d5900000)
  to   space 4096K, 0% used [0x00000000d5c00000,0x00000000d5c00000,0x00000000d6000000)
 ParOldGen       total 646144K, used 645762K [0x0000000080000000, 0x00000000a7700000, 0x00000000d5580000)
  object space 646144K, 99% used [0x0000000080000000,0x00000000a76a0bf0,0x00000000a7700000)
 Metaspace       used 50579K, committed 51712K, reserved 1114112K
  class space    used 5322K, committed 5760K, reserved 1048576K
}
Event: 50.115 GC heap after
{Heap after GC invocations=826 (full 2):
 PSYoungGen      total 6144K, used 2656K [0x00000000d5580000, 0x00000000d5f00000, 0x0000000100000000)
  eden space 3072K, 0% used [0x00000000d5580000,0x00000000d5580000,0x00000000d5880000)
  from space 3072K, 86% used [0x00000000d5c00000,0x00000000d5e98000,0x00000000d5f00000)
  to   space 3072K, 0% used [0x00000000d5900000,0x00000000d5900000,0x00000000d5c00000)
 ParOldGen       total 647168K, used 646712K [0x0000000080000000, 0x00000000a7800000, 0x00000000d5580000)
  object space 647168K, 99% used [0x0000000080000000,0x00000000a778e118,0x00000000a7800000)
 Metaspace       used 50579K, committed 51712K, reserved 1114112K
  class space    used 5322K, committed 5760K, reserved 1048576K
}
Event: 50.132 GC heap before
{Heap before GC invocations=827 (full 2):
 PSYoungGen      total 6144K, used 5728K [0x00000000d5580000, 0x00000000d5f00000, 0x0000000100000000)
  eden space 3072K, 100% used [0x00000000d5580000,0x00000000d5880000,0x00000000d5880000)
  from space 3072K, 86% used [0x00000000d5c00000,0x00000000d5e98000,0x00000000d5f00000)
  to   space 3072K, 0% used [0x00000000d5900000,0x00000000d5900000,0x00000000d5c00000)
 ParOldGen       total 647168K, used 646712K [0x0000000080000000, 0x00000000a7800000, 0x00000000d5580000)
  object space 647168K, 99% used [0x0000000080000000,0x00000000a778e118,0x00000000a7800000)
 Metaspace       used 50586K, committed 51712K, reserved 1114112K
  class space    used 5322K, committed 5760K, reserved 1048576K
}
Event: 50.140 GC heap after
{Heap after GC invocations=827 (full 2):
 PSYoungGen      total 6656K, used 3066K [0x00000000d5580000, 0x00000000d6680000, 0x0000000100000000)
  eden space 3584K, 0% used [0x00000000d5580000,0x00000000d5580000,0x00000000d5900000)
  from space 3072K, 99% used [0x00000000d5900000,0x00000000d5bfeb88,0x00000000d5c00000)
  to   space 6656K, 0% used [0x00000000d6000000,0x00000000d6000000,0x00000000d6680000)
 ParOldGen       total 649728K, used 649336K [0x0000000080000000, 0x00000000a7a80000, 0x00000000d5580000)
  object space 649728K, 99% used [0x0000000080000000,0x00000000a7a1e118,0x00000000a7a80000)
 Metaspace       used 50586K, committed 51712K, reserved 1114112K
  class space    used 5322K, committed 5760K, reserved 1048576K
}
Event: 50.161 GC heap before
{Heap before GC invocations=828 (full 2):
 PSYoungGen      total 6656K, used 6650K [0x00000000d5580000, 0x00000000d6680000, 0x0000000100000000)
  eden space 3584K, 100% used [0x00000000d5580000,0x00000000d5900000,0x00000000d5900000)
  from space 3072K, 99% used [0x00000000d5900000,0x00000000d5bfeb88,0x00000000d5c00000)
  to   space 6656K, 0% used [0x00000000d6000000,0x00000000d6000000,0x00000000d6680000)
 ParOldGen       total 649728K, used 649336K [0x0000000080000000, 0x00000000a7a80000, 0x00000000d5580000)
  object space 649728K, 99% used [0x0000000080000000,0x00000000a7a1e118,0x00000000a7a80000)
 Metaspace       used 50602K, committed 51712K, reserved 1114112K
  class space    used 5322K, committed 5760K, reserved 1048576K
}
Event: 50.167 GC heap after
{Heap after GC invocations=828 (full 2):
 PSYoungGen      total 7680K, used 2572K [0x00000000d5580000, 0x00000000d6300000, 0x0000000100000000)
  eden space 4608K, 0% used [0x00000000d5580000,0x00000000d5580000,0x00000000d5a00000)
  from space 3072K, 83% used [0x00000000d6000000,0x00000000d62832e0,0x00000000d6300000)
  to   space 4096K, 0% used [0x00000000d5b00000,0x00000000d5b00000,0x00000000d5f00000)
 ParOldGen       total 651264K, used 651137K [0x0000000080000000, 0x00000000a7c00000, 0x00000000d5580000)
  object space 651264K, 99% used [0x0000000080000000,0x00000000a7be0770,0x00000000a7c00000)
 Metaspace       used 50602K, committed 51712K, reserved 1114112K
  class space    used 5322K, committed 5760K, reserved 1048576K
}
Event: 50.204 GC heap before
{Heap before GC invocations=829 (full 2):
 PSYoungGen      total 7680K, used 7180K [0x00000000d5580000, 0x00000000d6300000, 0x0000000100000000)
  eden space 4608K, 100% used [0x00000000d5580000,0x00000000d5a00000,0x00000000d5a00000)
  from space 3072K, 83% used [0x00000000d6000000,0x00000000d62832e0,0x00000000d6300000)
  to   space 4096K, 0% used [0x00000000d5b00000,0x00000000d5b00000,0x00000000d5f00000)
 ParOldGen       total 651264K, used 651137K [0x0000000080000000, 0x00000000a7c00000, 0x00000000d5580000)
  object space 651264K, 99% used [0x0000000080000000,0x00000000a7be0770,0x00000000a7c00000)
 Metaspace       used 50610K, committed 51712K, reserved 1114112K
  class space    used 5322K, committed 5760K, reserved 1048576K
}
Event: 50.210 GC heap after
{Heap after GC invocations=829 (full 2):
 PSYoungGen      total 9216K, used 3072K [0x00000000d5580000, 0x00000000d6200000, 0x0000000100000000)
  eden space 5632K, 0% used [0x00000000d5580000,0x00000000d5580000,0x00000000d5b00000)
  from space 3584K, 85% used [0x00000000d5b00000,0x00000000d5e003a8,0x00000000d5e80000)
  to   space 3584K, 0% used [0x00000000d5e80000,0x00000000d5e80000,0x00000000d6200000)
 ParOldGen       total 653312K, used 653288K [0x0000000080000000, 0x00000000a7e00000, 0x00000000d5580000)
  object space 653312K, 99% used [0x0000000080000000,0x00000000a7dfa260,0x00000000a7e00000)
 Metaspace       used 50610K, committed 51712K, reserved 1114112K
  class space    used 5322K, committed 5760K, reserved 1048576K
}
Event: 50.341 GC heap before
{Heap before GC invocations=830 (full 2):
 PSYoungGen      total 9216K, used 8704K [0x00000000d5580000, 0x00000000d6200000, 0x0000000100000000)
  eden space 5632K, 100% used [0x00000000d5580000,0x00000000d5b00000,0x00000000d5b00000)
  from space 3584K, 85% used [0x00000000d5b00000,0x00000000d5e003a8,0x00000000d5e80000)
  to   space 3584K, 0% used [0x00000000d5e80000,0x00000000d5e80000,0x00000000d6200000)
 ParOldGen       total 653312K, used 653288K [0x0000000080000000, 0x00000000a7e00000, 0x00000000d5580000)
  object space 653312K, 99% used [0x0000000080000000,0x00000000a7dfa260,0x00000000a7e00000)
 Metaspace       used 50615K, committed 51712K, reserved 1114112K
  class space    used 5322K, committed 5760K, reserved 1048576K
}
Event: 50.349 GC heap after
{Heap after GC invocations=830 (full 2):
 PSYoungGen      total 8192K, used 2372K [0x00000000d5580000, 0x00000000d6100000, 0x0000000100000000)
  eden space 5632K, 0% used [0x00000000d5580000,0x00000000d5580000,0x00000000d5b00000)
  from space 2560K, 92% used [0x00000000d5e80000,0x00000000d60d1020,0x00000000d6100000)
  to   space 3072K, 0% used [0x00000000d5b00000,0x00000000d5b00000,0x00000000d5e00000)
 ParOldGen       total 656384K, used 656150K [0x0000000080000000, 0x00000000a8100000, 0x00000000d5580000)
  object space 656384K, 99% used [0x0000000080000000,0x00000000a80c5b50,0x00000000a8100000)
 Metaspace       used 50615K, committed 51712K, reserved 1114112K
  class space    used 5322K, committed 5760K, reserved 1048576K
}
Event: 50.456 GC heap before
{Heap before GC invocations=831 (full 2):
 PSYoungGen      total 8192K, used 8004K [0x00000000d5580000, 0x00000000d6100000, 0x0000000100000000)
  eden space 5632K, 100% used [0x00000000d5580000,0x00000000d5b00000,0x00000000d5b00000)
  from space 2560K, 92% used [0x00000000d5e80000,0x00000000d60d1020,0x00000000d6100000)
  to   space 3072K, 0% used [0x00000000d5b00000,0x00000000d5b00000,0x00000000d5e00000)
 ParOldGen       total 656384K, used 656150K [0x0000000080000000, 0x00000000a8100000, 0x00000000d5580000)
  object space 656384K, 99% used [0x0000000080000000,0x00000000a80c5b50,0x00000000a8100000)
 Metaspace       used 50615K, committed 51712K, reserved 1114112K
  class space    used 5322K, committed 5760K, reserved 1048576K
}
Event: 50.460 GC heap after
{Heap after GC invocations=831 (full 2):
 PSYoungGen      total 7680K, used 1888K [0x00000000d5580000, 0x00000000d6000000, 0x0000000100000000)
  eden space 5632K, 0% used [0x00000000d5580000,0x00000000d5580000,0x00000000d5b00000)
  from space 2048K, 92% used [0x00000000d5b00000,0x00000000d5cd8000,0x00000000d5d00000)
  to   space 2560K, 0% used [0x00000000d5d80000,0x00000000d5d80000,0x00000000d6000000)
 ParOldGen       total 658432K, used 658379K [0x0000000080000000, 0x00000000a8300000, 0x00000000d5580000)
  object space 658432K, 99% used [0x0000000080000000,0x00000000a82f2f18,0x00000000a8300000)
 Metaspace       used 50615K, committed 51712K, reserved 1114112K
  class space    used 5322K, committed 5760K, reserved 1048576K
}
Event: 50.565 GC heap before
{Heap before GC invocations=832 (full 2):
 PSYoungGen      total 7680K, used 7519K [0x00000000d5580000, 0x00000000d6000000, 0x0000000100000000)
  eden space 5632K, 99% used [0x00000000d5580000,0x00000000d5affff0,0x00000000d5b00000)
  from space 2048K, 92% used [0x00000000d5b00000,0x00000000d5cd8000,0x00000000d5d00000)
  to   space 2560K, 0% used [0x00000000d5d80000,0x00000000d5d80000,0x00000000d6000000)
 ParOldGen       total 658432K, used 658379K [0x0000000080000000, 0x00000000a8300000, 0x00000000d5580000)
  object space 658432K, 99% used [0x0000000080000000,0x00000000a82f2f18,0x00000000a8300000)
 Metaspace       used 50616K, committed 51712K, reserved 1114112K
  class space    used 5322K, committed 5760K, reserved 1048576K
}
Event: 50.570 GC heap after
{Heap after GC invocations=832 (full 2):
 PSYoungGen      total 8192K, used 2162K [0x00000000d5580000, 0x00000000d6000000, 0x0000000100000000)
  eden space 5632K, 0% used [0x00000000d5580000,0x00000000d5580000,0x00000000d5b00000)
  from space 2560K, 84% used [0x00000000d5d80000,0x00000000d5f9c808,0x00000000d6000000)
  to   space 2560K, 0% used [0x00000000d5b00000,0x00000000d5b00000,0x00000000d5d80000)
 ParOldGen       total 660480K, used 660122K [0x0000000080000000, 0x00000000a8500000, 0x00000000d5580000)
  object space 660480K, 99% used [0x0000000080000000,0x00000000a84a68b0,0x00000000a8500000)
 Metaspace       used 50616K, committed 51712K, reserved 1114112K
  class space    used 5322K, committed 5760K, reserved 1048576K
}
Event: 50.653 GC heap before
{Heap before GC invocations=833 (full 2):
 PSYoungGen      total 8192K, used 7794K [0x00000000d5580000, 0x00000000d6000000, 0x0000000100000000)
  eden space 5632K, 100% used [0x00000000d5580000,0x00000000d5b00000,0x00000000d5b00000)
  from space 2560K, 84% used [0x00000000d5d80000,0x00000000d5f9c808,0x00000000d6000000)
  to   space 2560K, 0% used [0x00000000d5b00000,0x00000000d5b00000,0x00000000d5d80000)
 ParOldGen       total 660480K, used 660122K [0x0000000080000000, 0x00000000a8500000, 0x00000000d5580000)
  object space 660480K, 99% used [0x0000000080000000,0x00000000a84a68b0,0x00000000a8500000)
 Metaspace       used 50617K, committed 51712K, reserved 1114112K
  class space    used 5322K, committed 5760K, reserved 1048576K
}
Event: 50.659 GC heap after
{Heap after GC invocations=833 (full 2):
 PSYoungGen      total 7680K, used 1956K [0x00000000d5580000, 0x00000000d5f00000, 0x0000000100000000)
  eden space 5632K, 0% used [0x00000000d5580000,0x00000000d5580000,0x00000000d5b00000)
  from space 2048K, 95% used [0x00000000d5b00000,0x00000000d5ce9010,0x00000000d5d00000)
  to   space 2048K, 0% used [0x00000000d5d00000,0x00000000d5d00000,0x00000000d5f00000)
 ParOldGen       total 662016K, used 661783K [0x0000000080000000, 0x00000000a8680000, 0x00000000d5580000)
  object space 662016K, 99% used [0x0000000080000000,0x00000000a8645f70,0x00000000a8680000)
 Metaspace       used 50617K, committed 51712K, reserved 1114112K
  class space    used 5322K, committed 5760K, reserved 1048576K
}

Dll operation events (10 events):
Event: 0.014 Loaded shared library c:\Users\hp\.vscode\extensions\redhat.java-1.43.1-win32-x64\jre\21.0.7-win32-x86_64\bin\java.dll
Event: 0.250 Loaded shared library c:\Users\hp\.vscode\extensions\redhat.java-1.43.1-win32-x64\jre\21.0.7-win32-x86_64\bin\zip.dll
Event: 0.311 Loaded shared library C:\Users\hp\.vscode\extensions\redhat.java-1.43.1-win32-x64\jre\21.0.7-win32-x86_64\bin\instrument.dll
Event: 0.326 Loaded shared library C:\Users\hp\.vscode\extensions\redhat.java-1.43.1-win32-x64\jre\21.0.7-win32-x86_64\bin\net.dll
Event: 0.335 Loaded shared library C:\Users\hp\.vscode\extensions\redhat.java-1.43.1-win32-x64\jre\21.0.7-win32-x86_64\bin\nio.dll
Event: 0.344 Loaded shared library C:\Users\hp\.vscode\extensions\redhat.java-1.43.1-win32-x64\jre\21.0.7-win32-x86_64\bin\zip.dll
Event: 0.411 Loaded shared library C:\Users\hp\.vscode\extensions\redhat.java-1.43.1-win32-x64\jre\21.0.7-win32-x86_64\bin\jimage.dll
Event: 0.662 Loaded shared library c:\Users\hp\.vscode\extensions\redhat.java-1.43.1-win32-x64\jre\21.0.7-win32-x86_64\bin\verify.dll
Event: 3.429 Loaded shared library C:\Users\hp\AppData\Roaming\Code\User\globalStorage\redhat.java\1.43.1\config_win\org.eclipse.equinox.launcher\org.eclipse.equinox.launcher.win32.win32.x86_64_1.2.1300.v20250331-1702\eclipse_11911.dll
Event: 6.618 Loaded shared library C:\Users\hp\AppData\Local\Temp\jna-3336\jna1115664101761290371.dll

Deoptimization events (20 events):
Event: 48.370 Thread 0x00000228137a7830 Uncommon trap: trap_request=0xffffff45 fr.pc=0x00000227c056d658 relative=0x0000000000001418
Event: 48.370 Thread 0x00000228137a7830 Uncommon trap: reason=unstable_if action=reinterpret pc=0x00000227c056d658 method=org.eclipse.jdt.internal.compiler.parser.Scanner.internalScanIdentifierOrKeyword(II[C)Lorg/eclipse/jdt/internal/compiler/parser/TerminalToken; @ 3304 c2
Event: 48.370 Thread 0x00000228137a7830 DEOPT PACKING pc=0x00000227c056d658 sp=0x000000aac8bfee60
Event: 48.370 Thread 0x00000228137a7830 DEOPT UNPACKING pc=0x00000227bf9c3aa2 sp=0x000000aac8bfedf0 mode 2
Event: 50.255 Thread 0x00000228137a7830 Uncommon trap: trap_request=0xffffff9d fr.pc=0x00000227c0581c4c relative=0x000000000000014c
Event: 50.255 Thread 0x00000228137a7830 Uncommon trap: reason=unreached action=reinterpret pc=0x00000227c0581c4c method=org.eclipse.jdt.internal.core.search.indexing.IndexManager.updateMetaIndex(Ljava/lang/String;Ljava/util/List;)V @ 136 c2
Event: 50.255 Thread 0x00000228137a7830 DEOPT PACKING pc=0x00000227c0581c4c sp=0x000000aac8bfef60
Event: 50.255 Thread 0x00000228137a7830 DEOPT UNPACKING pc=0x00000227bf9c3aa2 sp=0x000000aac8bfef10 mode 2
Event: 50.274 Thread 0x00000228137a7830 Uncommon trap: trap_request=0xffffff45 fr.pc=0x00000227c057eae4 relative=0x0000000000000424
Event: 50.274 Thread 0x00000228137a7830 Uncommon trap: reason=unstable_if action=reinterpret pc=0x00000227c057eae4 method=org.eclipse.jdt.internal.core.index.DiskIndex.readStreamDocumentArray(Ljava/io/InputStream;I)[I @ 17 c2
Event: 50.274 Thread 0x00000228137a7830 DEOPT PACKING pc=0x00000227c057eae4 sp=0x000000aac8bfeae0
Event: 50.274 Thread 0x00000228137a7830 DEOPT UNPACKING pc=0x00000227bf9c3aa2 sp=0x000000aac8bfea90 mode 2
Event: 50.357 Thread 0x00000228137a7830 DEOPT PACKING pc=0x00000227b9559e3c sp=0x000000aac8bfec30
Event: 50.357 Thread 0x00000228137a7830 DEOPT UNPACKING pc=0x00000227bf9c4242 sp=0x000000aac8bfe1a8 mode 0
Event: 50.403 Thread 0x00000228137a7830 DEOPT PACKING pc=0x00000227b955c898 sp=0x000000aac8bfede0
Event: 50.403 Thread 0x00000228137a7830 DEOPT UNPACKING pc=0x00000227bf9c4242 sp=0x000000aac8bfe2b0 mode 0
Event: 50.553 Thread 0x00000228137a7830 Uncommon trap: trap_request=0xffffff45 fr.pc=0x00000227c057c78c relative=0x000000000000062c
Event: 50.553 Thread 0x00000228137a7830 Uncommon trap: reason=unstable_if action=reinterpret pc=0x00000227c057c78c method=org.eclipse.jdt.internal.core.index.DiskIndex.readStreamChars(Ljava/io/InputStream;)[C @ 14 c2
Event: 50.553 Thread 0x00000228137a7830 DEOPT PACKING pc=0x00000227c057c78c sp=0x000000aac8bfeba0
Event: 50.553 Thread 0x00000228137a7830 DEOPT UNPACKING pc=0x00000227bf9c3aa2 sp=0x000000aac8bfeb00 mode 2

Classes loaded (20 events):
Event: 14.838 Loading class java/nio/file/FileTreeWalker$1
Event: 14.838 Loading class java/nio/file/FileTreeWalker$1 done
Event: 14.839 Loading class sun/nio/fs/Globs
Event: 14.840 Loading class sun/nio/fs/Globs done
Event: 14.840 Loading class java/util/regex/Pattern$SliceU
Event: 14.840 Loading class java/util/regex/Pattern$SliceU done
Event: 14.841 Loading class sun/nio/fs/WindowsFileSystem$2
Event: 14.841 Loading class java/nio/file/PathMatcher
Event: 14.841 Loading class java/nio/file/PathMatcher done
Event: 14.841 Loading class sun/nio/fs/WindowsFileSystem$2 done
Event: 17.212 Loading class java/util/concurrent/CompletableFuture$Signaller
Event: 17.212 Loading class java/util/concurrent/CompletableFuture$Signaller done
Event: 27.589 Loading class sun/nio/fs/WindowsFileCopy
Event: 27.602 Loading class sun/nio/fs/WindowsFileCopy done
Event: 33.252 Loading class sun/nio/cs/ISO_8859_1$Encoder
Event: 33.262 Loading class sun/nio/cs/ISO_8859_1$Encoder done
Event: 33.263 Loading class sun/nio/cs/Surrogate$Parser
Event: 33.265 Loading class sun/nio/cs/Surrogate$Parser done
Event: 33.265 Loading class sun/nio/cs/Surrogate
Event: 33.271 Loading class sun/nio/cs/Surrogate done

Classes unloaded (13 events):
Event: 7.581 Thread 0x00000227b53017f0 Unloading class 0x00000227cd19b800 'java/lang/invoke/LambdaForm$MH+0x00000227cd19b800'
Event: 7.581 Thread 0x00000227b53017f0 Unloading class 0x00000227cd19b400 'java/lang/invoke/LambdaForm$MH+0x00000227cd19b400'
Event: 7.581 Thread 0x00000227b53017f0 Unloading class 0x00000227cd19b000 'java/lang/invoke/LambdaForm$MH+0x00000227cd19b000'
Event: 7.581 Thread 0x00000227b53017f0 Unloading class 0x00000227cd19ac00 'java/lang/invoke/LambdaForm$MH+0x00000227cd19ac00'
Event: 7.581 Thread 0x00000227b53017f0 Unloading class 0x00000227cd19a800 'java/lang/invoke/LambdaForm$BMH+0x00000227cd19a800'
Event: 7.581 Thread 0x00000227b53017f0 Unloading class 0x00000227cd19a400 'java/lang/invoke/LambdaForm$DMH+0x00000227cd19a400'
Event: 7.581 Thread 0x00000227b53017f0 Unloading class 0x00000227cd199000 'java/lang/invoke/LambdaForm$DMH+0x00000227cd199000'
Event: 9.688 Thread 0x00000227b53017f0 Unloading class 0x00000227cd2de000 'java/lang/invoke/LambdaForm$MH+0x00000227cd2de000'
Event: 9.688 Thread 0x00000227b53017f0 Unloading class 0x00000227cd2ddc00 'java/lang/invoke/LambdaForm$MH+0x00000227cd2ddc00'
Event: 9.688 Thread 0x00000227b53017f0 Unloading class 0x00000227cd2dd000 'java/lang/invoke/LambdaForm$MH+0x00000227cd2dd000'
Event: 9.688 Thread 0x00000227b53017f0 Unloading class 0x00000227cd2dc800 'java/lang/invoke/LambdaForm$MH+0x00000227cd2dc800'
Event: 9.688 Thread 0x00000227b53017f0 Unloading class 0x00000227cd2dc400 'java/lang/invoke/LambdaForm$DMH+0x00000227cd2dc400'
Event: 9.688 Thread 0x00000227b53017f0 Unloading class 0x00000227cd2db800 'java/lang/invoke/LambdaForm$MH+0x00000227cd2db800'

Classes redefined (0 events):
No events

Internal exceptions (20 events):
Event: 48.441 Thread 0x00000228137a7830 Exception <a 'sun/nio/fs/WindowsException'{0x00000000d55aeef0}> (0x00000000d55aeef0) 
thrown [s\src\hotspot\share\prims\jni.cpp, line 520]
Event: 48.520 Thread 0x00000228137a7830 Exception <a 'sun/nio/fs/WindowsException'{0x00000000d578b058}> (0x00000000d578b058) 
thrown [s\src\hotspot\share\prims\jni.cpp, line 520]
Event: 48.565 Thread 0x00000228137a7830 Exception <a 'sun/nio/fs/WindowsException'{0x00000000d58ba8d8}> (0x00000000d58ba8d8) 
thrown [s\src\hotspot\share\prims\jni.cpp, line 520]
Event: 48.631 Thread 0x00000228137a7830 Exception <a 'sun/nio/fs/WindowsException'{0x00000000d55f44a0}> (0x00000000d55f44a0) 
thrown [s\src\hotspot\share\prims\jni.cpp, line 520]
Event: 48.674 Thread 0x00000228137a7830 Exception <a 'sun/nio/fs/WindowsException'{0x00000000d5655e30}> (0x00000000d5655e30) 
thrown [s\src\hotspot\share\prims\jni.cpp, line 520]
Event: 48.721 Thread 0x00000228137a7830 Exception <a 'sun/nio/fs/WindowsException'{0x00000000d55d8290}> (0x00000000d55d8290) 
thrown [s\src\hotspot\share\prims\jni.cpp, line 520]
Event: 48.758 Thread 0x00000228137a7830 Exception <a 'sun/nio/fs/WindowsException'{0x00000000d56a71a0}> (0x00000000d56a71a0) 
thrown [s\src\hotspot\share\prims\jni.cpp, line 520]
Event: 48.840 Thread 0x00000228137a7830 Exception <a 'sun/nio/fs/WindowsException'{0x00000000d5689d10}> (0x00000000d5689d10) 
thrown [s\src\hotspot\share\prims\jni.cpp, line 520]
Event: 48.859 Thread 0x00000228137a7830 Exception <a 'sun/nio/fs/WindowsException'{0x00000000d56bb7b0}> (0x00000000d56bb7b0) 
thrown [s\src\hotspot\share\prims\jni.cpp, line 520]
Event: 48.902 Thread 0x00000228137a7830 Exception <a 'sun/nio/fs/WindowsException'{0x00000000d5762ec8}> (0x00000000d5762ec8) 
thrown [s\src\hotspot\share\prims\jni.cpp, line 520]
Event: 48.976 Thread 0x00000228137a7830 Exception <a 'sun/nio/fs/WindowsException'{0x00000000d558d8f8}> (0x00000000d558d8f8) 
thrown [s\src\hotspot\share\prims\jni.cpp, line 520]
Event: 48.998 Thread 0x00000228137a7830 Exception <a 'sun/nio/fs/WindowsException'{0x00000000d55aaac8}> (0x00000000d55aaac8) 
thrown [s\src\hotspot\share\prims\jni.cpp, line 520]
Event: 49.086 Thread 0x00000228137a7830 Exception <a 'sun/nio/fs/WindowsException'{0x00000000d5649a78}> (0x00000000d5649a78) 
thrown [s\src\hotspot\share\prims\jni.cpp, line 520]
Event: 49.148 Thread 0x00000228137a7830 Exception <a 'sun/nio/fs/WindowsException'{0x00000000d562b8c8}> (0x00000000d562b8c8) 
thrown [s\src\hotspot\share\prims\jni.cpp, line 520]
Event: 49.348 Thread 0x00000228137a7830 Exception <a 'sun/nio/fs/WindowsException'{0x00000000d5658e40}> (0x00000000d5658e40) 
thrown [s\src\hotspot\share\prims\jni.cpp, line 520]
Event: 49.419 Thread 0x00000228137a7830 Exception <a 'sun/nio/fs/WindowsException'{0x00000000d5687128}> (0x00000000d5687128) 
thrown [s\src\hotspot\share\prims\jni.cpp, line 520]
Event: 49.527 Thread 0x00000228137a7830 Exception <a 'sun/nio/fs/WindowsException'{0x00000000d586a810}> (0x00000000d586a810) 
thrown [s\src\hotspot\share\prims\jni.cpp, line 520]
Event: 49.579 Thread 0x00000228137a7830 Exception <a 'sun/nio/fs/WindowsException'{0x00000000d585d470}> (0x00000000d585d470) 
thrown [s\src\hotspot\share\prims\jni.cpp, line 520]
Event: 49.674 Thread 0x00000228137a7830 Exception <a 'sun/nio/fs/WindowsException'{0x00000000d5627bc0}> (0x00000000d5627bc0) 
thrown [s\src\hotspot\share\prims\jni.cpp, line 520]
Event: 49.964 Thread 0x00000228137a7830 Exception <a 'sun/nio/fs/WindowsException'{0x00000000d589a798}> (0x00000000d589a798) 
thrown [s\src\hotspot\share\prims\jni.cpp, line 520]

ZGC Phase Switch (0 events):
No events

VM Operations (20 events):
Event: 50.074 Executing VM operation: ParallelGCFailedAllocation (Allocation Failure)
Event: 50.077 Executing VM operation: ParallelGCFailedAllocation (Allocation Failure) done
Event: 50.096 Executing VM operation: ParallelGCFailedAllocation (Allocation Failure)
Event: 50.101 Executing VM operation: ParallelGCFailedAllocation (Allocation Failure) done
Event: 50.110 Executing VM operation: ParallelGCFailedAllocation (Allocation Failure)
Event: 50.115 Executing VM operation: ParallelGCFailedAllocation (Allocation Failure) done
Event: 50.132 Executing VM operation: ParallelGCFailedAllocation (Allocation Failure)
Event: 50.140 Executing VM operation: ParallelGCFailedAllocation (Allocation Failure) done
Event: 50.161 Executing VM operation: ParallelGCFailedAllocation (Allocation Failure)
Event: 50.167 Executing VM operation: ParallelGCFailedAllocation (Allocation Failure) done
Event: 50.204 Executing VM operation: ParallelGCFailedAllocation (Allocation Failure)
Event: 50.210 Executing VM operation: ParallelGCFailedAllocation (Allocation Failure) done
Event: 50.341 Executing VM operation: ParallelGCFailedAllocation (Allocation Failure)
Event: 50.349 Executing VM operation: ParallelGCFailedAllocation (Allocation Failure) done
Event: 50.456 Executing VM operation: ParallelGCFailedAllocation (Allocation Failure)
Event: 50.460 Executing VM operation: ParallelGCFailedAllocation (Allocation Failure) done
Event: 50.565 Executing VM operation: ParallelGCFailedAllocation (Allocation Failure)
Event: 50.570 Executing VM operation: ParallelGCFailedAllocation (Allocation Failure) done
Event: 50.653 Executing VM operation: ParallelGCFailedAllocation (Allocation Failure)
Event: 50.659 Executing VM operation: ParallelGCFailedAllocation (Allocation Failure) done

Memory protections (0 events):
No events

Nmethod flushes (20 events):
Event: 9.700 Thread 0x00000227b53017f0 flushing  nmethod 0x00000227b8a07510
Event: 9.700 Thread 0x00000227b53017f0 flushing  nmethod 0x00000227b8a3ca90
Event: 9.700 Thread 0x00000227b53017f0 flushing  nmethod 0x00000227b8a6fe10
Event: 9.700 Thread 0x00000227b53017f0 flushing  nmethod 0x00000227b8aa3c90
Event: 9.700 Thread 0x00000227b53017f0 flushing  nmethod 0x00000227b8aa4a90
Event: 9.700 Thread 0x00000227b53017f0 flushing  nmethod 0x00000227b8aa5390
Event: 9.700 Thread 0x00000227b53017f0 flushing  nmethod 0x00000227b8aa6590
Event: 9.700 Thread 0x00000227b53017f0 flushing  nmethod 0x00000227b8aa6d90
Event: 9.700 Thread 0x00000227b53017f0 flushing  nmethod 0x00000227b8aa7510
Event: 9.700 Thread 0x00000227b53017f0 flushing  nmethod 0x00000227b8aa9610
Event: 9.700 Thread 0x00000227b53017f0 flushing  nmethod 0x00000227b8aa9b10
Event: 9.700 Thread 0x00000227b53017f0 flushing  nmethod 0x00000227b8aaa810
Event: 9.700 Thread 0x00000227b53017f0 flushing  nmethod 0x00000227b8aaac10
Event: 9.700 Thread 0x00000227b53017f0 flushing  nmethod 0x00000227b8aab890
Event: 9.700 Thread 0x00000227b53017f0 flushing  nmethod 0x00000227b8aacb10
Event: 9.700 Thread 0x00000227b53017f0 flushing  nmethod 0x00000227b8adb510
Event: 9.700 Thread 0x00000227b53017f0 flushing  nmethod 0x00000227b8aeeb10
Event: 9.700 Thread 0x00000227b53017f0 flushing  nmethod 0x00000227b8afdb90
Event: 9.700 Thread 0x00000227b53017f0 flushing  nmethod 0x00000227b8b45310
Event: 9.700 Thread 0x00000227b53017f0 flushing  nmethod 0x00000227b8b72a90

Events (20 events):
Event: 8.548 Thread 0x00000228137a8550 Thread added: 0x00000228137a7ec0
Event: 8.650 Thread 0x00000228137a7ec0 Thread added: 0x00000228137a8be0
Event: 9.207 Thread 0x00000228137f4d80 Thread added: 0x00000228137a7830
Event: 9.629 Thread 0x00000228137a7ec0 Thread added: 0x00000228137a6480
Event: 9.653 Thread 0x00000228137a6480 Thread added: 0x0000022814c194f0
Event: 9.789 Thread 0x00000227b5242e90 Thread added: 0x0000022814c18e60
Event: 9.790 Thread 0x00000227b5242e90 Thread added: 0x0000022814c16070
Event: 9.790 Thread 0x00000227b5242e90 Thread added: 0x0000022814c187d0
Event: 9.790 Thread 0x00000227b5242e90 Thread added: 0x0000022814c16700
Event: 9.790 Thread 0x00000227b5242e90 Thread added: 0x0000022814c18140
Event: 9.790 Thread 0x00000227b5242e90 Thread added: 0x0000022814c16d90
Event: 9.791 Thread 0x00000227b5242e90 Thread added: 0x0000022814c17420
Event: 9.791 Thread 0x00000227b5242e90 Thread added: 0x0000022814c17ab0
Event: 9.791 Thread 0x00000227b5242e90 Thread added: 0x000002281572b890
Event: 9.822 Thread 0x00000227b5242e90 Thread added: 0x000002281572dff0
Event: 10.024 Thread 0x00000227b5242e90 Thread added: 0x0000022815731470
Event: 10.024 Thread 0x00000227b5242e90 Thread added: 0x000002281572f3a0
Event: 12.520 Thread 0x0000022813d0bf10 Thread exited: 0x0000022813d0bf10
Event: 17.199 Thread 0x0000022814c194f0 Thread added: 0x0000022815730750
Event: 21.421 Thread 0x000002281479e8e0 Thread exited: 0x000002281479e8e0


Dynamic libraries:
0x00007ff792c10000 - 0x00007ff792c1e000 	c:\Users\hp\.vscode\extensions\redhat.java-1.43.1-win32-x64\jre\21.0.7-win32-x86_64\bin\java.exe
0x00007ff9b1e10000 - 0x00007ff9b2008000 	C:\WINDOWS\SYSTEM32\ntdll.dll
0x00007ff9b0830000 - 0x00007ff9b08f2000 	C:\WINDOWS\System32\KERNEL32.DLL
0x00007ff9afa80000 - 0x00007ff9afd76000 	C:\WINDOWS\System32\KERNELBASE.dll
0x00007ff9af8d0000 - 0x00007ff9af9d0000 	C:\WINDOWS\System32\ucrtbase.dll
0x00007ff9ac220000 - 0x00007ff9ac238000 	c:\Users\hp\.vscode\extensions\redhat.java-1.43.1-win32-x64\jre\21.0.7-win32-x86_64\bin\jli.dll
0x00007ff9b0050000 - 0x00007ff9b01ed000 	C:\WINDOWS\System32\USER32.dll
0x00007ff9af9d0000 - 0x00007ff9af9f2000 	C:\WINDOWS\System32\win32u.dll
0x00007ff9b1a30000 - 0x00007ff9b1a5b000 	C:\WINDOWS\System32\GDI32.dll
0x00007ff9aba40000 - 0x00007ff9aba5e000 	c:\Users\hp\.vscode\extensions\redhat.java-1.43.1-win32-x64\jre\21.0.7-win32-x86_64\bin\VCRUNTIME140.dll
0x00007ff9af7b0000 - 0x00007ff9af8c9000 	C:\WINDOWS\System32\gdi32full.dll
0x00007ff9996d0000 - 0x00007ff99996a000 	C:\WINDOWS\WinSxS\amd64_microsoft.windows.common-controls_6595b64144ccf1df_6.0.19041.5915_none_60b4b9d171f9c7c7\COMCTL32.dll
0x00007ff9afe30000 - 0x00007ff9afece000 	C:\WINDOWS\System32\msvcrt.dll
0x00007ff9af4a0000 - 0x00007ff9af53d000 	C:\WINDOWS\System32\msvcp_win.dll
0x00007ff9b01f0000 - 0x00007ff9b021f000 	C:\WINDOWS\System32\IMM32.DLL
0x00007ff9a9a10000 - 0x00007ff9a9a1c000 	c:\Users\hp\.vscode\extensions\redhat.java-1.43.1-win32-x64\jre\21.0.7-win32-x86_64\bin\vcruntime140_1.dll
0x00007ff9793c0000 - 0x00007ff97944d000 	c:\Users\hp\.vscode\extensions\redhat.java-1.43.1-win32-x64\jre\21.0.7-win32-x86_64\bin\msvcp140.dll
0x00007ff956040000 - 0x00007ff956dd0000 	c:\Users\hp\.vscode\extensions\redhat.java-1.43.1-win32-x64\jre\21.0.7-win32-x86_64\bin\server\jvm.dll
0x00007ff9b0230000 - 0x00007ff9b02e1000 	C:\WINDOWS\System32\ADVAPI32.dll
0x00007ff9b1b10000 - 0x00007ff9b1baf000 	C:\WINDOWS\System32\sechost.dll
0x00007ff9b0b10000 - 0x00007ff9b0c33000 	C:\WINDOWS\System32\RPCRT4.dll
0x00007ff9af540000 - 0x00007ff9af567000 	C:\WINDOWS\System32\bcrypt.dll
0x00007ff9b07c0000 - 0x00007ff9b082b000 	C:\WINDOWS\System32\WS2_32.dll
0x00007ff9ae9c0000 - 0x00007ff9aea0b000 	C:\WINDOWS\SYSTEM32\POWRPROF.dll
0x00007ff9a4b30000 - 0x00007ff9a4b57000 	C:\WINDOWS\SYSTEM32\WINMM.dll
0x00007ff9a4b20000 - 0x00007ff9a4b2a000 	C:\WINDOWS\SYSTEM32\VERSION.dll
0x00007ff9ae880000 - 0x00007ff9ae892000 	C:\WINDOWS\SYSTEM32\UMPDC.dll
0x00007ff9ad200000 - 0x00007ff9ad212000 	C:\WINDOWS\SYSTEM32\kernel.appcore.dll
0x00007ff9a9a00000 - 0x00007ff9a9a0a000 	c:\Users\hp\.vscode\extensions\redhat.java-1.43.1-win32-x64\jre\21.0.7-win32-x86_64\bin\jimage.dll
0x00007ff99fbd0000 - 0x00007ff99fdd1000 	C:\WINDOWS\SYSTEM32\DBGHELP.DLL
0x00007ff999d00000 - 0x00007ff999d34000 	C:\WINDOWS\SYSTEM32\dbgcore.DLL
0x00007ff9af5c0000 - 0x00007ff9af642000 	C:\WINDOWS\System32\bcryptPrimitives.dll
0x00007ff9a8bc0000 - 0x00007ff9a8bcf000 	c:\Users\hp\.vscode\extensions\redhat.java-1.43.1-win32-x64\jre\21.0.7-win32-x86_64\bin\instrument.dll
0x00007ff99d4c0000 - 0x00007ff99d4df000 	c:\Users\hp\.vscode\extensions\redhat.java-1.43.1-win32-x64\jre\21.0.7-win32-x86_64\bin\java.dll
0x00007ff9b0fa0000 - 0x00007ff9b170e000 	C:\WINDOWS\System32\SHELL32.dll
0x00007ff9ad4e0000 - 0x00007ff9adc84000 	C:\WINDOWS\SYSTEM32\windows.storage.dll
0x00007ff9b0c40000 - 0x00007ff9b0f93000 	C:\WINDOWS\System32\combase.dll
0x00007ff9aeed0000 - 0x00007ff9aeefb000 	C:\WINDOWS\SYSTEM32\Wldp.dll
0x00007ff9aff80000 - 0x00007ff9b004d000 	C:\WINDOWS\System32\OLEAUT32.dll
0x00007ff9b1a60000 - 0x00007ff9b1b0d000 	C:\WINDOWS\System32\SHCORE.dll
0x00007ff9b19d0000 - 0x00007ff9b1a2b000 	C:\WINDOWS\System32\shlwapi.dll
0x00007ff9af3d0000 - 0x00007ff9af3f5000 	C:\WINDOWS\SYSTEM32\profapi.dll
0x00007ff999340000 - 0x00007ff999358000 	c:\Users\hp\.vscode\extensions\redhat.java-1.43.1-win32-x64\jre\21.0.7-win32-x86_64\bin\zip.dll
0x00007ff9a7290000 - 0x00007ff9a72a0000 	C:\Users\hp\.vscode\extensions\redhat.java-1.43.1-win32-x64\jre\21.0.7-win32-x86_64\bin\net.dll
0x00007ff9a78c0000 - 0x00007ff9a79ca000 	C:\WINDOWS\SYSTEM32\WINHTTP.dll
0x00007ff9aec30000 - 0x00007ff9aec9a000 	C:\WINDOWS\system32\mswsock.dll
0x00007ff999b60000 - 0x00007ff999b76000 	C:\Users\hp\.vscode\extensions\redhat.java-1.43.1-win32-x64\jre\21.0.7-win32-x86_64\bin\nio.dll
0x00007ff9a6e90000 - 0x00007ff9a6ea0000 	c:\Users\hp\.vscode\extensions\redhat.java-1.43.1-win32-x64\jre\21.0.7-win32-x86_64\bin\verify.dll
0x00007ff97d490000 - 0x00007ff97d4d5000 	C:\Users\hp\AppData\Roaming\Code\User\globalStorage\redhat.java\1.43.1\config_win\org.eclipse.equinox.launcher\org.eclipse.equinox.launcher.win32.win32.x86_64_1.2.1300.v20250331-1702\eclipse_11911.dll
0x00007ff9b1bb0000 - 0x00007ff9b1cdb000 	C:\WINDOWS\System32\ole32.dll
0x00007ff9aee20000 - 0x00007ff9aee38000 	C:\WINDOWS\SYSTEM32\CRYPTSP.dll
0x00007ff9ae4b0000 - 0x00007ff9ae4e8000 	C:\WINDOWS\system32\rsaenh.dll
0x00007ff9af390000 - 0x00007ff9af3be000 	C:\WINDOWS\SYSTEM32\USERENV.dll
0x00007ff9aee40000 - 0x00007ff9aee4c000 	C:\WINDOWS\SYSTEM32\CRYPTBASE.dll
0x00007ff9ae8a0000 - 0x00007ff9ae8db000 	C:\WINDOWS\SYSTEM32\IPHLPAPI.DLL
0x00007ff9b0220000 - 0x00007ff9b0228000 	C:\WINDOWS\System32\NSI.dll
0x00007ff97d290000 - 0x00007ff97d2d9000 	C:\Users\hp\AppData\Local\Temp\jna-3336\jna1115664101761290371.dll
0x00007ff9b1dc0000 - 0x00007ff9b1dc8000 	C:\WINDOWS\System32\PSAPI.DLL
0x00007ff9a8390000 - 0x00007ff9a83a7000 	C:\WINDOWS\SYSTEM32\dhcpcsvc6.DLL
0x00007ff9a84a0000 - 0x00007ff9a84bd000 	C:\WINDOWS\SYSTEM32\dhcpcsvc.DLL

dbghelp: loaded successfully - version: 4.0.5 - missing functions: none
symbol engine: initialized successfully - sym options: 0x614 - pdb path: .;c:\Users\hp\.vscode\extensions\redhat.java-1.43.1-win32-x64\jre\21.0.7-win32-x86_64\bin;C:\WINDOWS\SYSTEM32;C:\WINDOWS\WinSxS\amd64_microsoft.windows.common-controls_6595b64144ccf1df_6.0.19041.5915_none_60b4b9d171f9c7c7;c:\Users\hp\.vscode\extensions\redhat.java-1.43.1-win32-x64\jre\21.0.7-win32-x86_64\bin\server;C:\Users\hp\AppData\Roaming\Code\User\globalStorage\redhat.java\1.43.1\config_win\org.eclipse.equinox.launcher\org.eclipse.equinox.launcher.win32.win32.x86_64_1.2.1300.v20250331-1702;C:\Users\hp\AppData\Local\Temp\jna-3336

VM Arguments:
jvm_args: --add-modules=ALL-SYSTEM --add-opens=java.base/java.util=ALL-UNNAMED --add-opens=java.base/java.lang=ALL-UNNAMED --add-opens=java.base/sun.nio.fs=ALL-UNNAMED -Declipse.application=org.eclipse.jdt.ls.core.id1 -Dosgi.bundles.defaultStartLevel=4 -Declipse.product=org.eclipse.jdt.ls.core.product -Djava.import.generatesMetadataFilesAtProjectRoot=false -DDetectVMInstallationsJob.disabled=true -Dfile.encoding=utf8 -XX:+UseParallelGC -XX:GCTimeRatio=4 -XX:AdaptiveSizePolicyWeight=90 -Dsun.zip.disableMemoryMapping=true -Xmx2G -Xms100m -Xlog:disable -javaagent:c:\Users\hp\.vscode\extensions\redhat.java-1.43.1-win32-x64\lombok\lombok-1.18.39-4050.jar -XX:+HeapDumpOnOutOfMemoryError -XX:HeapDumpPath=c:\Users\hp\AppData\Roaming\Code\User\workspaceStorage\9a5df3a572d0bf4bbb6a89983de1bab9\redhat.java -Daether.dependencyCollector.impl=bf 
java_command: c:\Users\hp\.vscode\extensions\redhat.java-1.43.1-win32-x64\server\plugins\org.eclipse.equinox.launcher_1.7.0.v20250519-0528.jar -configuration c:\Users\hp\AppData\Roaming\Code\User\globalStorage\redhat.java\1.43.1\config_win -data c:\Users\hp\AppData\Roaming\Code\User\workspaceStorage\9a5df3a572d0bf4bbb6a89983de1bab9\redhat.java\jdt_ws --pipe=\\.\pipe\lsp-e00ce9886145875db4fc75a7c50bb578-sock
java_class_path (initial): c:\Users\hp\.vscode\extensions\redhat.java-1.43.1-win32-x64\server\plugins\org.eclipse.equinox.launcher_1.7.0.v20250519-0528.jar
Launcher Type: SUN_STANDARD

[Global flags]
    uintx AdaptiveSizePolicyWeight                 = 90                                        {product} {command line}
     intx CICompilerCount                          = 4                                         {product} {ergonomic}
    uintx GCTimeRatio                              = 4                                         {product} {command line}
     bool HeapDumpOnOutOfMemoryError               = true                                   {manageable} {command line}
    ccstr HeapDumpPath                             = c:\Users\hp\AppData\Roaming\Code\User\workspaceStorage\9a5df3a572d0bf4bbb6a89983de1bab9\redhat.java         {manageable} {command line}
   size_t InitialHeapSize                          = 104857600                                 {product} {command line}
   size_t MaxHeapSize                              = 2147483648                                {product} {command line}
   size_t MaxNewSize                               = 715653120                                 {product} {ergonomic}
   size_t MinHeapDeltaBytes                        = 524288                                    {product} {ergonomic}
   size_t MinHeapSize                              = 104857600                                 {product} {command line}
   size_t NewSize                                  = 34603008                                  {product} {ergonomic}
    uintx NonNMethodCodeHeapSize                   = 5839372                                {pd product} {ergonomic}
    uintx NonProfiledCodeHeapSize                  = 122909434                              {pd product} {ergonomic}
   size_t OldSize                                  = 70254592                                  {product} {ergonomic}
    uintx ProfiledCodeHeapSize                     = 122909434                              {pd product} {ergonomic}
    uintx ReservedCodeCacheSize                    = 251658240                              {pd product} {ergonomic}
     bool SegmentedCodeCache                       = true                                      {product} {ergonomic}
   size_t SoftMaxHeapSize                          = 2147483648                             {manageable} {ergonomic}
     bool UseCompressedOops                        = true                           {product lp64_product} {ergonomic}
     bool UseLargePagesIndividualAllocation        = false                                  {pd product} {ergonomic}
     bool UseParallelGC                            = true                                      {product} {command line}

Logging:
Log output configuration:
 #0: stdout all=off uptime,level,tags foldmultilines=false
 #1: stderr all=off uptime,level,tags foldmultilines=false

Environment Variables:
JAVA_HOME=C:\Program Files\Java\jdk-22
CLASSPATH=C:\Program Files\Java\jdk-22\lib
PATH=C:\oraclexe\app\oracle\product\11.2.0\server\bin;C:\Program Files\MySQL\MySQL Server 8.0\bin;C:\Windows\System32;C:\Program Files (x86)\Java\jre1.8.0_361\bin;C:\Users\hp\Downloads\Wissen Technology Intern\JAVA ADVANCED\apache-maven-3.9.0-bin\apache-maven-3.9.0\bin;C:\Program Files\nodejs\;C:\ProgramData\chocolatey\bin;C:\Program Files\Microsoft VS Code\bin;C:\Program Files\dotnet\;C:\Program Files\Git\cmd;C:\Program Files\Java\jdk-22\lib;C:\Program Files\MongoDB\Server\8.0\bin;;C:\Program Files\Docker\Docker\resources\bin;C:\Users\hp\AppData\Local\Programs\Python\Python313\Scripts\;C:\Users\hp\AppData\Local\Programs\Python\Python313\;C:\Program Files\MySQL\MySQL Shell 8.0\bin\;C:\Users\hp\AppData\Local\Microsoft\WindowsApps;D:\Visual Studio\Microsoft VS Code\bin;D:\PyCharm\PyCharm Community Edition 2021.1.1\bin;C:\Users\hp\AppData\Roaming\npm;C:\Program Files\JetBrains\IntelliJ IDEA Community Edition 2024.1.4\bin;;C:\Program Files\Java\jdk-22\bin;C:\MinGW\bin;
USERNAME=hp
OS=Windows_NT
PROCESSOR_IDENTIFIER=AMD64 Family 23 Model 24 Stepping 1, AuthenticAMD
TMP=C:\Users\hp\AppData\Local\Temp
TEMP=C:\Users\hp\AppData\Local\Temp




Periodic native trim disabled

---------------  S Y S T E M  ---------------

OS:
 Windows 10 , 64 bit Build 19041 (10.0.19041.5915)
OS uptime: 0 days 3:12 hours
Hyper-V role detected

CPU: total 8 (initial active 8) (8 cores per cpu, 2 threads per core) family 23 model 24 stepping 1 microcode 0x0, cx8, cmov, fxsr, ht, mmx, 3dnowpref, sse, sse2, sse3, ssse3, sse4a, sse4.1, sse4.2, popcnt, lzcnt, tsc, tscinvbit, avx, avx2, aes, clmul, bmi1, bmi2, adx, sha, fma, vzeroupper, clflush, clflushopt, hv, rdtscp, f16c
Processor Information for the first 8 processors :
  Max Mhz: 2100, Current Mhz: 2100, Mhz Limit: 2100

Memory: 4k page, system-wide physical 6021M (295M free)
TotalPageFile size 14140M (AvailPageFile size 4M)
current process WorkingSet (physical memory assigned to process): 423M, peak: 557M
current process commit charge ("private bytes"): 907M, peak: 908M

vm_info: OpenJDK 64-Bit Server VM (21.0.7+6-LTS) for windows-amd64 JRE (21.0.7+6-LTS), built on 2025-04-15T00:00:00Z by "admin" with MS VC++ 17.7 (VS2022)

END.
